<?xml version="1.0" encoding="UTF-8"?>
<!-- Generated by org.testng.reporters.JUnitXMLReporter -->
<testsuite ignored="1" hostname="LAPTOP-5H9HEO78" failures="0" tests="6" name="Car Loan" time="0.095" errors="0" timestamp="2024-08-27T16:47:38 IST">
  <testcase classname="test.Day3" name="MobileLoginCarLoan" time="0.007"/>
  <testcase classname="test.Day3" name="MobileLoginCarLoan" time="0.002"/>
  <testcase classname="test.Day3" name="MobileLoginCarLoan" time="0.001"/>
  <testcase classname="test.Day3" name="MobileSignInCarLoan" time="0.001"/>
  <testcase classname="test.Day3" name="WebLoginCarLoan" time="0.001"/>
  <testcase classname="test.Day3" name="ApiCarLoan" time="0.002"/>
  <testcase classname="test.Day3" name="MobileLogoutCarLoan" time="0.0">
    <ignored/>
  </testcase> <!-- MobileLogoutCarLoan -->
</testsuite> <!-- Car Loan -->
