<?xml version="1.0" encoding="UTF-8"?>
<!-- Generated by org.testng.reporters.JUnitXMLReporter -->
<testsuite ignored="0" hostname="LAPTOP-5H9HEO78" failures="0" tests="3" name="Home Loan" time="0.01" errors="0" timestamp="2024-08-21T11:34:20 IST">
  <testcase classname="test.Day3" name="LoginApiCarLoan" time="0.002"/>
  <testcase classname="test.Day3" name="MobileLoginCarLoan" time="0.002"/>
  <testcase classname="test.Day3" name="WebLoginCarLoan" time="0.001"/>
</testsuite> <!-- Home Loan -->
