<?xml version="1.0" encoding="UTF-8"?>
<!-- Generated by org.testng.reporters.JUnitXMLReporter -->
<testsuite ignored="8" hostname="LAPTOP-5H9HEO78" failures="0" tests="3" name="Regression" time="0.066" errors="0" timestamp="2024-08-21T17:35:01 IST">
  <testcase classname="test.Day2" name="Demo3" time="0.012"/>
  <testcase classname="test.Day3" name="MobileSignInCarLoan" time="0.002"/>
  <testcase classname="test.Day4" name="MobileLoginHomeLoan" time="0.001"/>
  <testcase classname="test.Day4" name="WebLoginHomeLoan" time="0.0">
    <ignored/>
  </testcase> <!-- WebLoginHomeLoan -->
  <testcase classname="test.Day4" name="LoginApiHomeLoan" time="0.0">
    <ignored/>
  </testcase> <!-- LoginApiHomeLoan -->
  <testcase classname="test.Day3" name="MobileLoginCarLoan" time="0.0">
    <ignored/>
  </testcase> <!-- MobileLoginCarLoan -->
  <testcase classname="test.BasicDay1" name="Demo" time="0.0">
    <ignored/>
  </testcase> <!-- Demo -->
  <testcase classname="test.BasicDay1" name="secondTest" time="0.0">
    <ignored/>
  </testcase> <!-- secondTest -->
  <testcase classname="test.Day3" name="WebLoginCarLoan" time="0.0">
    <ignored/>
  </testcase> <!-- WebLoginCarLoan -->
  <testcase classname="test.Day3" name="ApiCarLoan" time="0.0">
    <ignored/>
  </testcase> <!-- ApiCarLoan -->
  <testcase classname="test.Day3" name="MobileLogoutCarLoan" time="0.0">
    <ignored/>
  </testcase> <!-- MobileLogoutCarLoan -->
</testsuite> <!-- Regression -->
