<?xml version="1.0" encoding="UTF-8"?>
<testng-results ignored="2" total="13" passed="10" failed="1" skipped="0">
  <reporter-output>
  </reporter-output>
  <suite started-at="2024-08-27T16:47:38 IST" name="Loan Department" finished-at="2024-08-27T16:47:38 IST" duration-ms="95">
    <groups>
      <group name="Smoke">
        <method signature="Day2.Demo3()[pri:0, instance:test.Day2@66d3eec0]" name="Demo3" class="test.Day2"/>
        <method signature="Day4.MobileLoginHomeLoan()[pri:0, instance:test.Day4@1e04fa0a]" name="MobileLoginHomeLoan" class="test.Day4"/>
        <method signature="Day3.MobileSignInCarLoan()[pri:0, instance:test.Day3@783a467b]" name="MobileSignInCarLoan" class="test.Day3"/>
      </group> <!-- Smoke -->
    </groups>
    <test started-at="2024-08-27T16:47:38 IST" name="Car Loan" finished-at="2024-08-27T16:47:38 IST" duration-ms="95">
      <class name="test.BasicDay1">
        <test-method is-config="true" signature="Afsuite()[pri:0, instance:test.BasicDay1@48f278eb]" started-at="2024-08-27T16:47:39 IST" name="Afsuite" finished-at="2024-08-27T16:47:39 IST" duration-ms="1" status="PASS">
          <reporter-output>
          </reporter-output>
        </test-method> <!-- Afsuite -->
      </class> <!-- test.BasicDay1 -->
      <class name="test.Day3">
        <test-method is-config="true" signature="BfSuite()[pri:0, instance:test.Day3@783a467b]" started-at="2024-08-27T16:47:38 IST" name="BfSuite" finished-at="2024-08-27T16:47:38 IST" duration-ms="11" status="PASS">
          <reporter-output>
          </reporter-output>
        </test-method> <!-- BfSuite -->
        <test-method is-config="true" signature="BfClass()[pri:0, instance:test.Day3@783a467b]" started-at="2024-08-27T16:47:38 IST" name="BfClass" finished-at="2024-08-27T16:47:38 IST" duration-ms="0" status="PASS">
          <reporter-output>
          </reporter-output>
        </test-method> <!-- BfClass -->
        <test-method is-config="true" signature="berforeevery()[pri:0, instance:test.Day3@783a467b]" started-at="2024-08-27T16:47:38 IST" name="berforeevery" finished-at="2024-08-27T16:47:38 IST" duration-ms="0" status="PASS">
          <reporter-output>
          </reporter-output>
        </test-method> <!-- berforeevery -->
        <test-method signature="MobileLoginCarLoan(java.lang.String,java.lang.String)[pri:0, instance:test.Day3@783a467b]" started-at="2024-08-27T16:47:38 IST" name="MobileLoginCarLoan" data-provider="getdata" finished-at="2024-08-27T16:47:38 IST" duration-ms="7" status="PASS">
          <params>
            <param index="0">
              <value>
                <![CDATA[firstsetusername]]>
              </value>
            </param>
            <param index="1">
              <value>
                <![CDATA[firstpassword]]>
              </value>
            </param>
          </params>
          <reporter-output>
          </reporter-output>
        </test-method> <!-- MobileLoginCarLoan -->
        <test-method is-config="true" signature="berforeevery()[pri:0, instance:test.Day3@783a467b]" started-at="2024-08-27T16:47:38 IST" name="berforeevery" finished-at="2024-08-27T16:47:38 IST" duration-ms="1" status="PASS">
          <reporter-output>
          </reporter-output>
        </test-method> <!-- berforeevery -->
        <test-method signature="MobileLoginCarLoan(java.lang.String,java.lang.String)[pri:0, instance:test.Day3@783a467b]" started-at="2024-08-27T16:47:38 IST" name="MobileLoginCarLoan" data-provider="getdata" finished-at="2024-08-27T16:47:38 IST" duration-ms="2" status="PASS">
          <params>
            <param index="0">
              <value>
                <![CDATA[secondtsetusername]]>
              </value>
            </param>
            <param index="1">
              <value>
                <![CDATA[seocndpassword]]>
              </value>
            </param>
          </params>
          <reporter-output>
          </reporter-output>
        </test-method> <!-- MobileLoginCarLoan -->
        <test-method is-config="true" signature="berforeevery()[pri:0, instance:test.Day3@783a467b]" started-at="2024-08-27T16:47:38 IST" name="berforeevery" finished-at="2024-08-27T16:47:38 IST" duration-ms="1" status="PASS">
          <reporter-output>
          </reporter-output>
        </test-method> <!-- berforeevery -->
        <test-method signature="MobileLoginCarLoan(java.lang.String,java.lang.String)[pri:0, instance:test.Day3@783a467b]" started-at="2024-08-27T16:47:38 IST" name="MobileLoginCarLoan" data-provider="getdata" finished-at="2024-08-27T16:47:38 IST" duration-ms="1" status="PASS">
          <params>
            <param index="0">
              <value>
                <![CDATA[thirdsetusername]]>
              </value>
            </param>
            <param index="1">
              <value>
                <![CDATA[thirdpassword]]>
              </value>
            </param>
          </params>
          <reporter-output>
          </reporter-output>
        </test-method> <!-- MobileLoginCarLoan -->
        <test-method is-config="true" signature="berforeevery()[pri:0, instance:test.Day3@783a467b]" started-at="2024-08-27T16:47:38 IST" name="berforeevery" finished-at="2024-08-27T16:47:38 IST" duration-ms="1" status="PASS">
          <reporter-output>
          </reporter-output>
        </test-method> <!-- berforeevery -->
        <test-method signature="MobileSignInCarLoan()[pri:0, instance:test.Day3@783a467b]" started-at="2024-08-27T16:47:38 IST" name="MobileSignInCarLoan" finished-at="2024-08-27T16:47:38 IST" duration-ms="1" status="PASS">
          <reporter-output>
          </reporter-output>
        </test-method> <!-- MobileSignInCarLoan -->
        <test-method is-config="true" signature="berforeevery()[pri:0, instance:test.Day3@783a467b]" started-at="2024-08-27T16:47:38 IST" name="berforeevery" finished-at="2024-08-27T16:47:38 IST" duration-ms="0" status="PASS">
          <reporter-output>
          </reporter-output>
        </test-method> <!-- berforeevery -->
        <test-method signature="WebLoginCarLoan(java.lang.String,java.lang.String)[pri:0, instance:test.Day3@783a467b]" started-at="2024-08-27T16:47:38 IST" name="WebLoginCarLoan" finished-at="2024-08-27T16:47:38 IST" duration-ms="1" status="PASS">
          <params>
            <param index="0">
              <value>
                <![CDATA[carloan.com]]>
              </value>
            </param>
            <param index="1">
              <value>
                <![CDATA[12345]]>
              </value>
            </param>
          </params>
          <reporter-output>
          </reporter-output>
        </test-method> <!-- WebLoginCarLoan -->
        <test-method is-config="true" signature="berforeevery()[pri:0, instance:test.Day3@783a467b]" started-at="2024-08-27T16:47:38 IST" name="berforeevery" finished-at="2024-08-27T16:47:38 IST" duration-ms="1" status="PASS">
          <reporter-output>
          </reporter-output>
        </test-method> <!-- berforeevery -->
        <test-method signature="ApiCarLoan()[pri:0, instance:test.Day3@783a467b]" started-at="2024-08-27T16:47:38 IST" name="ApiCarLoan" finished-at="2024-08-27T16:47:38 IST" depends-on-methods="test.Day3.MobileLoginCarLoan, test.Day3.WebLoginCarLoan" duration-ms="2" status="PASS">
          <reporter-output>
          </reporter-output>
        </test-method> <!-- ApiCarLoan -->
        <test-method is-config="true" signature="Afterevery()[pri:0, instance:test.Day3@783a467b]" started-at="2024-08-27T16:47:38 IST" name="Afterevery" finished-at="2024-08-27T16:47:38 IST" duration-ms="0" status="PASS">
          <reporter-output>
          </reporter-output>
        </test-method> <!-- Afterevery -->
      </class> <!-- test.Day3 -->
    </test> <!-- Car Loan -->
    <test started-at="2024-08-27T16:47:38 IST" name="Personal Loan" finished-at="2024-08-27T16:47:38 IST" duration-ms="90">
      <class name="test.Day2">
        <test-method is-config="true" signature="prerequisite()[pri:0, instance:test.Day2@66d3eec0]" started-at="2024-08-27T16:47:38 IST" name="prerequisite" finished-at="2024-08-27T16:47:38 IST" duration-ms="1" status="PASS">
          <reporter-output>
          </reporter-output>
        </test-method> <!-- prerequisite -->
        <test-method signature="Demo3()[pri:0, instance:test.Day2@66d3eec0]" started-at="2024-08-27T16:47:38 IST" name="Demo3" finished-at="2024-08-27T16:47:38 IST" duration-ms="3" status="PASS">
          <reporter-output>
          </reporter-output>
        </test-method> <!-- Demo3 -->
      </class> <!-- test.Day2 -->
      <class name="test.BasicDay1">
        <test-method signature="Demo()[pri:0, instance:test.BasicDay1@48f278eb]" started-at="2024-08-27T16:47:38 IST" name="Demo" finished-at="2024-08-27T16:47:38 IST" duration-ms="15" status="FAIL">
          <exception class="java.lang.AssertionError">
            <message>
              <![CDATA[expected [true] but found [false]]]>
            </message>
            <full-stacktrace>
              <![CDATA[java.lang.AssertionError: expected [true] but found [false]
at org.testng.Assert.fail(Assert.java:99)
at org.testng.Assert.failNotEquals(Assert.java:1037)
at org.testng.Assert.assertTrue(Assert.java:45)
at org.testng.Assert.assertTrue(Assert.java:55)
at test.BasicDay1.Demo(BasicDay1.java:19)
at java.base/jdk.internal.reflect.NativeMethodAccessorImpl.invoke0(Native Method)
at java.base/jdk.internal.reflect.NativeMethodAccessorImpl.invoke(NativeMethodAccessorImpl.java:77)
at java.base/jdk.internal.reflect.DelegatingMethodAccessorImpl.invoke(DelegatingMethodAccessorImpl.java:43)
at java.base/java.lang.reflect.Method.invoke(Method.java:568)
at org.testng.internal.MethodInvocationHelper.invokeMethod(MethodInvocationHelper.java:133)
at org.testng.internal.TestInvoker.invokeMethod(TestInvoker.java:598)
at org.testng.internal.TestInvoker.invokeTestMethod(TestInvoker.java:173)
at org.testng.internal.MethodRunner.runInSequence(MethodRunner.java:46)
at org.testng.internal.TestInvoker$MethodInvocationAgent.invoke(TestInvoker.java:824)
at org.testng.internal.TestInvoker.invokeTestMethods(TestInvoker.java:146)
at org.testng.internal.TestMethodWorker.invokeTestMethods(TestMethodWorker.java:146)
at org.testng.internal.TestMethodWorker.run(TestMethodWorker.java:128)
at java.base/java.util.ArrayList.forEach(ArrayList.java:1511)
at org.testng.TestRunner.privateRun(TestRunner.java:794)
at org.testng.TestRunner.run(TestRunner.java:596)
at org.testng.SuiteRunner.runTest(SuiteRunner.java:377)
at org.testng.SuiteRunner.access$000(SuiteRunner.java:28)
at org.testng.SuiteRunner$SuiteWorker.run(SuiteRunner.java:418)
at org.testng.internal.thread.ThreadUtil.lambda$execute$0(ThreadUtil.java:64)
at java.base/java.util.concurrent.FutureTask.run(FutureTask.java:264)
at java.base/java.util.concurrent.ThreadPoolExecutor.runWorker(ThreadPoolExecutor.java:1136)
at java.base/java.util.concurrent.ThreadPoolExecutor$Worker.run(ThreadPoolExecutor.java:635)
at java.base/java.lang.Thread.run(Thread.java:840)
]]>
            </full-stacktrace>
          </exception> <!-- java.lang.AssertionError -->
          <reporter-output>
          </reporter-output>
        </test-method> <!-- Demo -->
        <test-method is-config="true" signature="lastexecution()[pri:0, instance:test.BasicDay1@48f278eb]" started-at="2024-08-27T16:47:38 IST" name="lastexecution" finished-at="2024-08-27T16:47:38 IST" duration-ms="0" status="PASS">
          <reporter-output>
          </reporter-output>
        </test-method> <!-- lastexecution -->
      </class> <!-- test.BasicDay1 -->
      <class name="test.Day4">
        <test-method signature="LoginApiHomeLoan()[pri:0, instance:test.Day4@1e04fa0a]" started-at="2024-08-27T16:47:38 IST" name="LoginApiHomeLoan" finished-at="2024-08-27T16:47:38 IST" duration-ms="4" status="PASS">
          <reporter-output>
          </reporter-output>
        </test-method> <!-- LoginApiHomeLoan -->
        <test-method signature="MobileLoginHomeLoan()[pri:0, instance:test.Day4@1e04fa0a]" started-at="2024-08-27T16:47:38 IST" name="MobileLoginHomeLoan" finished-at="2024-08-27T16:47:38 IST" duration-ms="2" status="PASS">
          <reporter-output>
          </reporter-output>
        </test-method> <!-- MobileLoginHomeLoan -->
        <test-method signature="WebLoginHomeLoan(java.lang.String)[pri:0, instance:test.Day4@1e04fa0a]" started-at="2024-08-27T16:47:38 IST" name="WebLoginHomeLoan" finished-at="2024-08-27T16:47:38 IST" duration-ms="2" status="PASS">
          <params>
            <param index="0">
              <value>
                <![CDATA[personalloan.com]]>
              </value>
            </param>
          </params>
          <reporter-output>
          </reporter-output>
        </test-method> <!-- WebLoginHomeLoan -->
      </class> <!-- test.Day4 -->
    </test> <!-- Personal Loan -->
  </suite> <!-- Loan Department -->
</testng-results>
